Started at Sat Apr 20 06:01:54 UTC 2024
Processing classroom.account
Offering classroom.account to Project Build Discarder
Processing classroom.account.resource
Offering classroom.account.resource to Project Build Discarder
Processing classroom.auth
Offering classroom.auth to Project Build Discarder
Processing classroom.auth.resource
Offering classroom.auth.resource to Project Build Discarder
Processing classroom.classroom
Offering classroom.classroom to Project Build Discarder
Processing classroom.classroom.resource
Offering classroom.classroom.resource to Project Build Discarder
Processing classroom.departamento
Offering classroom.departamento to Project Build Discarder
Processing classroom.departamento.resource
Offering classroom.departamento.resource to Project Build Discarder
Processing classroom.discovery
Offering classroom.discovery to Project Build Discarder
Processing classroom.gateway
Offering classroom.gateway to Project Build Discarder
Processing classroom.monitoria
Offering classroom.monitoria to Project Build Discarder
Processing classroom.monitoria.resource
Offering classroom.monitoria.resource to Project Build Discarder
Finished at Sat Apr 20 06:01:54 UTC 2024. 132ms
Started at Sat Apr 20 07:14:49 UTC 2024
Processing classroom.account
Offering classroom.account to Project Build Discarder
Processing classroom.account.resource
Offering classroom.account.resource to Project Build Discarder
Processing classroom.auth
Offering classroom.auth to Project Build Discarder
Processing classroom.auth.resource
Offering classroom.auth.resource to Project Build Discarder
Processing classroom.classroom
Offering classroom.classroom to Project Build Discarder
Processing classroom.classroom.resource
Offering classroom.classroom.resource to Project Build Discarder
Processing classroom.departamento
Offering classroom.departamento to Project Build Discarder
Processing classroom.departamento.resource
Offering classroom.departamento.resource to Project Build Discarder
Processing classroom.discovery
Offering classroom.discovery to Project Build Discarder
Processing classroom.gateway
Offering classroom.gateway to Project Build Discarder
Processing classroom.monitoria
Offering classroom.monitoria to Project Build Discarder
Processing classroom.monitoria.resource
Offering classroom.monitoria.resource to Project Build Discarder
Finished at Sat Apr 20 07:14:50 UTC 2024. 1549ms
Started at Sat Apr 20 12:27:51 UTC 2024
Processing classroom.account
Offering classroom.account to Project Build Discarder
Processing classroom.account.resource
Offering classroom.account.resource to Project Build Discarder
Processing classroom.auth
Offering classroom.auth to Project Build Discarder
Processing classroom.auth.resource
Offering classroom.auth.resource to Project Build Discarder
Processing classroom.classroom
Offering classroom.classroom to Project Build Discarder
Processing classroom.classroom.resource
Offering classroom.classroom.resource to Project Build Discarder
Processing classroom.departamento
Offering classroom.departamento to Project Build Discarder
Processing classroom.departamento.resource
Offering classroom.departamento.resource to Project Build Discarder
Processing classroom.discovery
Offering classroom.discovery to Project Build Discarder
Processing classroom.gateway
Offering classroom.gateway to Project Build Discarder
Processing classroom.monitoria
Offering classroom.monitoria to Project Build Discarder
Processing classroom.monitoria.resource
Offering classroom.monitoria.resource to Project Build Discarder
Finished at Sat Apr 20 12:27:51 UTC 2024. 419ms
Started at Sat Apr 20 13:22:14 UTC 2024
Processing classroom.account
Offering classroom.account to Project Build Discarder
Processing classroom.account.resource
Offering classroom.account.resource to Project Build Discarder
Processing classroom.auth
Offering classroom.auth to Project Build Discarder
Processing classroom.auth.resource
Offering classroom.auth.resource to Project Build Discarder
Processing classroom.classroom
Offering classroom.classroom to Project Build Discarder
Processing classroom.classroom.resource
Offering classroom.classroom.resource to Project Build Discarder
Processing classroom.departamento
Offering classroom.departamento to Project Build Discarder
Processing classroom.departamento.resource
Offering classroom.departamento.resource to Project Build Discarder
Processing classroom.discovery
Offering classroom.discovery to Project Build Discarder
Processing classroom.gateway
Offering classroom.gateway to Project Build Discarder
Processing classroom.monitoria
Offering classroom.monitoria to Project Build Discarder
Processing classroom.monitoria.resource
Offering classroom.monitoria.resource to Project Build Discarder
Finished at Sat Apr 20 13:22:14 UTC 2024. 49ms
Started at Sat Apr 20 15:23:30 UTC 2024
Processing classroom.account
Offering classroom.account to Project Build Discarder
Processing classroom.account.resource
Offering classroom.account.resource to Project Build Discarder
Processing classroom.auth
Offering classroom.auth to Project Build Discarder
Processing classroom.auth.resource
Offering classroom.auth.resource to Project Build Discarder
Processing classroom.classroom
Offering classroom.classroom to Project Build Discarder
Processing classroom.classroom.resource
Offering classroom.classroom.resource to Project Build Discarder
Processing classroom.departamento
Offering classroom.departamento to Project Build Discarder
Processing classroom.departamento.resource
Offering classroom.departamento.resource to Project Build Discarder
Processing classroom.discovery
Offering classroom.discovery to Project Build Discarder
Processing classroom.gateway
Offering classroom.gateway to Project Build Discarder
Processing classroom.monitoria
Offering classroom.monitoria to Project Build Discarder
Processing classroom.monitoria.resource
Offering classroom.monitoria.resource to Project Build Discarder
Finished at Sat Apr 20 15:23:31 UTC 2024. 783ms
Started at Sat Apr 20 16:31:03 UTC 2024
Processing classroom.account
Offering classroom.account to Project Build Discarder
Processing classroom.account.resource
Offering classroom.account.resource to Project Build Discarder
Processing classroom.auth
Offering classroom.auth to Project Build Discarder
Processing classroom.auth.resource
Offering classroom.auth.resource to Project Build Discarder
Processing classroom.classroom
Offering classroom.classroom to Project Build Discarder
Processing classroom.classroom.resource
Offering classroom.classroom.resource to Project Build Discarder
Processing classroom.departamento
Offering classroom.departamento to Project Build Discarder
Processing classroom.departamento.resource
Offering classroom.departamento.resource to Project Build Discarder
Processing classroom.discovery
Offering classroom.discovery to Project Build Discarder
Processing classroom.gateway
Offering classroom.gateway to Project Build Discarder
Processing classroom.monitoria
Offering classroom.monitoria to Project Build Discarder
Processing classroom.monitoria.resource
Offering classroom.monitoria.resource to Project Build Discarder
Finished at Sat Apr 20 16:31:04 UTC 2024. 989ms
Started at Sat Apr 20 17:22:43 UTC 2024
Processing classroom.account
Offering classroom.account to Project Build Discarder
Processing classroom.account.resource
Offering classroom.account.resource to Project Build Discarder
Processing classroom.auth
Offering classroom.auth to Project Build Discarder
Processing classroom.auth.resource
Offering classroom.auth.resource to Project Build Discarder
Processing classroom.classroom
Offering classroom.classroom to Project Build Discarder
Processing classroom.classroom.resource
Offering classroom.classroom.resource to Project Build Discarder
Processing classroom.departamento
Offering classroom.departamento to Project Build Discarder
Processing classroom.departamento.resource
Offering classroom.departamento.resource to Project Build Discarder
Processing classroom.discovery
Offering classroom.discovery to Project Build Discarder
Processing classroom.gateway
Offering classroom.gateway to Project Build Discarder
Processing classroom.monitoria
Offering classroom.monitoria to Project Build Discarder
Processing classroom.monitoria.resource
Offering classroom.monitoria.resource to Project Build Discarder
Finished at Sat Apr 20 17:22:43 UTC 2024. 16ms
Started at Sat Apr 20 18:29:26 UTC 2024
Processing classroom.account
Offering classroom.account to Project Build Discarder
Processing classroom.account.resource
Offering classroom.account.resource to Project Build Discarder
Processing classroom.auth
Offering classroom.auth to Project Build Discarder
Processing classroom.auth.resource
Offering classroom.auth.resource to Project Build Discarder
Processing classroom.classroom
Offering classroom.classroom to Project Build Discarder
Processing classroom.classroom.resource
Offering classroom.classroom.resource to Project Build Discarder
Processing classroom.departamento
Offering classroom.departamento to Project Build Discarder
Processing classroom.departamento.resource
Offering classroom.departamento.resource to Project Build Discarder
Processing classroom.discovery
Offering classroom.discovery to Project Build Discarder
Processing classroom.gateway
Offering classroom.gateway to Project Build Discarder
Processing classroom.monitoria
Offering classroom.monitoria to Project Build Discarder
Processing classroom.monitoria.resource
Offering classroom.monitoria.resource to Project Build Discarder
Finished at Sat Apr 20 18:29:26 UTC 2024. 248ms
Started at Sat Apr 20 19:28:02 UTC 2024
Processing classroom.account
Offering classroom.account to Project Build Discarder
Processing classroom.account.resource
Offering classroom.account.resource to Project Build Discarder
Processing classroom.auth
Offering classroom.auth to Project Build Discarder
Processing classroom.auth.resource
Offering classroom.auth.resource to Project Build Discarder
Processing classroom.classroom
Offering classroom.classroom to Project Build Discarder
Processing classroom.classroom.resource
Offering classroom.classroom.resource to Project Build Discarder
Processing classroom.departamento
Offering classroom.departamento to Project Build Discarder
Processing classroom.departamento.resource
Offering classroom.departamento.resource to Project Build Discarder
Processing classroom.discovery
Offering classroom.discovery to Project Build Discarder
Processing classroom.gateway
Offering classroom.gateway to Project Build Discarder
Processing classroom.monitoria
Offering classroom.monitoria to Project Build Discarder
Processing classroom.monitoria.resource
Offering classroom.monitoria.resource to Project Build Discarder
Finished at Sat Apr 20 19:28:03 UTC 2024. 127ms
