Started at Sat Apr 20 06:38:40 UTC 2024
Checking classroom.account
Deleting /var/jenkins_home/workspace/classroom.account on Jenkins
Checking classroom.account.resource
Deleting /var/jenkins_home/workspace/classroom.account.resource on Jenkins
Checking classroom.auth
Deleting /var/jenkins_home/workspace/classroom.auth on Jenkins
Checking classroom.auth.resource
Deleting /var/jenkins_home/workspace/classroom.auth.resource on Jenkins
Checking classroom.classroom
Deleting /var/jenkins_home/workspace/classroom.classroom on Jenkins
Checking classroom.classroom.resource
Deleting /var/jenkins_home/workspace/classroom.classroom.resource on Jenkins
Checking classroom.departamento
Deleting /var/jenkins_home/workspace/classroom.departamento on Jenkins
Checking classroom.departamento.resource
Deleting /var/jenkins_home/workspace/classroom.departamento.resource on Jenkins
Checking classroom.discovery
Deleting /var/jenkins_home/workspace/classroom.discovery on Jenkins
Checking classroom.gateway
Deleting /var/jenkins_home/workspace/classroom.gateway on Jenkins
Checking classroom.monitoria
Deleting /var/jenkins_home/workspace/classroom.monitoria on Jenkins
Checking classroom.monitoria.resource
Deleting /var/jenkins_home/workspace/classroom.monitoria.resource on Jenkins
Finished at Sat Apr 20 06:38:41 UTC 2024. 1247ms
